I must not fear. Fear is the mind-killer.

Loading GenX
  Loading requirement: gurobi/9.1.2 julia/1.9.1
Set parameter GURO_PAR_SPECIAL
Set parameter TokenServer to value "license.rc.princeton.edu"
Set parameter PreDual to value 0
Set parameter Method to value 2
Set parameter Crossover to value 0
Set parameter TimeLimit to value 1100000
Set parameter BarHomogeneous to value 1
Set parameter AggFill to value 10
Set parameter BarConvTol to value 0.0001
Set parameter Presolve to value 1
Set parameter PreDual to value 0
Set parameter Method to value 2
Set parameter Crossover to value 0
Set parameter TimeLimit to value 1100000
Set parameter BarHomogeneous to value 1
Set parameter AggFill to value 10
Set parameter BarConvTol to value 0.0001
Set parameter Presolve to value 1
Gurobi Optimizer version 10.0.0 build v10.0.0rc2 (linux64)

CPU model: AMD EPYC 9654 96-Core Processor, instruction set [SSE2|AVX|AVX2|AVX512]
Thread count: 192 physical cores, 192 logical processors, using up to 32 threads

Optimize a model with 106505 rows, 64706 columns and 491795 nonzeros
Model fingerprint: 0xa7d72e37
Coefficient statistics:
  Matrix range     [1e-04, 3e+02]
  Objective range  [3e-05, 1e+03]
  Bounds range     [0e+00, 0e+00]
  RHS range        [1e-02, 2e+03]
Presolve removed 56163 rows and 22821 columns
Presolve time: 0.07s
Presolved: 50342 rows, 41885 columns, 230294 nonzeros
Ordering time: 0.04s

Barrier statistics:
 Dense cols : 216
 AA' NZ     : 3.879e+05
 Factor NZ  : 9.029e+05 (roughly 45 MB of memory)
 Factor Ops : 5.415e+07 (less than 1 second per iteration)
 Threads    : 32

                  Objective                Residual
Iter       Primal          Dual         Primal    Dual     Compl     Time
   0   3.46855403e+08 -2.25411161e+08  3.39e+05 1.62e+02  1.70e+06     0s
   1   2.34106863e+08 -2.62772135e+08  2.38e+05 1.16e+02  1.21e+06     0s
   2   1.79832975e+08 -3.11765285e+08  1.86e+05 6.03e+01  9.38e+05     0s
   3   1.31862926e+08 -4.00814408e+08  1.26e+05 2.69e+01  6.34e+05     0s
   4   7.82372212e+06 -1.82945601e+08  8.08e+03 1.11e+01  2.39e+04     1s
   5   3.24401508e+06 -4.73429733e+07  8.86e+02 3.01e+00  1.75e+03     1s
   6   2.41751287e+06 -1.65094262e+07  1.11e+02 1.14e+00  3.63e+02     1s
   7   1.76722143e+06 -6.40306242e+06  1.46e+01 5.07e-01  1.27e+02     1s
   8   1.37705746e+06 -3.15615180e+06  6.25e+00 2.82e-01  6.69e+01     1s
   9   9.37930305e+05 -1.27221892e+06  1.66e+00 1.33e-01  3.05e+01     1s
  10   7.14885541e+05 -4.87578971e+05  9.45e-01 7.09e-02  1.61e+01     1s
  11   5.33663938e+05 -1.79575265e+05  5.32e-01 4.34e-02  9.51e+00     1s
  12   4.59029177e+05 -3.78415275e+04  3.95e-01 2.89e-02  6.60e+00     1s
  13   4.34817809e+05 -1.09686068e+04  3.53e-01 2.58e-02  5.93e+00     1s
  14   3.79552455e+05  2.81934285e+04  2.59e-01 2.12e-02  4.74e+00     1s
  15   3.43241609e+05  8.72926681e+04  2.04e-01 1.43e-02  3.43e+00     1s
  16   2.97665660e+05  1.25100807e+05  1.38e-01 9.62e-03  2.34e+00     1s
  17   2.56665275e+05  1.48046981e+05  7.95e-02 6.77e-03  1.52e+00     1s
  18   2.39618883e+05  1.67976177e+05  5.58e-02 4.15e-03  9.85e-01     1s
  19   2.28613750e+05  1.81367357e+05  4.08e-02 2.33e-03  6.30e-01     1s
  20   2.18730056e+05  1.85638809e+05  2.76e-02 1.73e-03  4.46e-01     1s
  21   2.13791416e+05  1.88113293e+05  2.10e-02 1.37e-03  3.47e-01     2s
  22   2.10993868e+05  1.90360919e+05  1.74e-02 1.05e-03  2.76e-01     2s
  23   2.08295404e+05  1.92937101e+05  1.39e-02 6.78e-04  2.01e-01     2s
  24   2.05050450e+05  1.94890120e+05  9.74e-03 3.84e-04  1.30e-01     2s
  25   2.03257663e+05  1.95502220e+05  7.49e-03 2.87e-04  9.87e-02     2s
  26   2.02195499e+05  1.96042067e+05  6.14e-03 2.04e-04  7.72e-02     2s
  27   2.00595828e+05  1.96306442e+05  4.10e-03 1.64e-04  5.49e-02     2s
  28   2.00105150e+05  1.96524441e+05  3.47e-03 1.32e-04  4.56e-02     2s
  29   1.99239759e+05  1.96800060e+05  2.37e-03 8.83e-05  3.10e-02     2s
  30   1.98331597e+05  1.97003955e+05  1.22e-03 5.62e-05  1.73e-02     2s
  31   1.97911604e+05  1.97191420e+05  6.93e-04 2.60e-05  9.15e-03     2s
  32   1.97677300e+05  1.97261409e+05  4.08e-04 1.39e-05  5.23e-03     2s
  33   1.97512623e+05  1.97271590e+05  2.08e-04 1.22e-05  3.23e-03     2s
  34   1.97458200e+05  1.97308136e+05  1.42e-04 5.81e-06  1.92e-03     2s
  35   1.97442260e+05  1.97313664e+05  1.23e-04 4.83e-06  1.64e-03     2s
  36   1.97409720e+05  1.97323686e+05  8.31e-05 3.09e-06  1.09e-03     2s
  37   1.97389283e+05  1.97332113e+05  5.81e-05 1.65e-06  7.06e-04     2s
  38   1.97364098e+05  1.97338016e+05  2.75e-05 6.14e-07  3.15e-04     3s
  39   1.97356432e+05  1.97339745e+05  1.82e-05 3.25e-07  1.98e-04     3s
  40   1.97347540e+05  1.97341217e+05  7.39e-06 4.64e-08  7.15e-05     3s

Barrier solved model in 40 iterations and 2.66 seconds (1.34 work units)
Optimal objective 1.97347540e+05


User-callback calls 319, time in user-callback 0.00 sec
Configuring Settings
Clustering Time Series Data (Grouped)...
Reading Input CSV Files
Network.csv Successfully Read!
Load_data.csv Successfully Read!
Fuels_data.csv Successfully Read!
Generators_data.csv Successfully Read!
Generators_variability.csv Successfully Read!
Validating time basis
Capacity_reserve_margin.csv Successfully Read!
Minimum_capacity_requirement.csv Successfully Read!
Maximum_capacity_requirement.csv Successfully Read!
CO2_cap.csv Successfully Read!
CSV Files Successfully Read In From /scratch/gpfs/gm1710/GenX_cases/LDES_102023/case_runner_3_zone_no_vrestor_zeroemis/Cases/case_1
Configuring Solver
Loading Inputs
Reading Input CSV Files
Network.csv Successfully Read!
Load_data.csv Successfully Read!
Fuels_data.csv Successfully Read!
Generators_data.csv Successfully Read!
Generators_variability.csv Successfully Read!
Validating time basis
Capacity_reserve_margin.csv Successfully Read!
Minimum_capacity_requirement.csv Successfully Read!
Maximum_capacity_requirement.csv Successfully Read!
CO2_cap.csv Successfully Read!
Period_map.csv Successfully Read!
CSV Files Successfully Read In From /scratch/gpfs/gm1710/GenX_cases/LDES_102023/case_runner_3_zone_no_vrestor_zeroemis/Cases/case_1
Generating the Optimization Model
Discharge Module
Non-served Energy Module
Investment Discharge Module
Unit Commitment Module
Emissions Module (for CO2 Policy modularization)
Transmission Module
Dispatchable Resources Module
Must-Run Resources Module
Storage Resources Module
Storage Investment Module
Storage Core Resources Module
Long Duration Storage Module
Storage Resources with Symmetric Charge/Discharge Capacity Module
Hydro Reservoir Core Resources Module
Flexible Demand Resources Module
Thermal (Unit Commitment) Resources Module
C02 Policies Module
Capacity Reserve Margin Policies Module
Minimum Capacity Requirement Module
Maximum Capacity Requirement Module
Time elapsed for model building is
13.587712772
Solving Model
LP solved for primal
Writing Output
Time elapsed for writing costs is
1.099791508
Time elapsed for writing storage is
0.425342746
Time elapsed for writing nse is
0.66710996
Time elapsed for writing power balance is
0.499176759
Time elapsed for writing transmission flows is
0.140636895
Time elapsed for writing transmission losses is
0.049409943
Time elapsed for writing network expansion is
0.151585418
Time elapsed for writing emissions is
0.463942487
Time elapsed for writing reliability is
0.230110998
Time elapsed for writing storage duals is
0.696870841
Time elapsed for writing commitment is
0.030147243
Time elapsed for writing startup is
0.145077551
Time elapsed for writing shutdown is
0.142150574
Time elapsed for writing lds init is
0.30740623
Time elapsed for writing lds dstor is
0.117105961
Time elapsed for writing time weights is
0.133128463
Time elapsed for writing reserve margin is
0.257525625
Time elapsed for writing capacity value is
0.711327073
Time elapsed for writing net revenue is
0.891694836
Wrote outputs to /scratch/gpfs/gm1710/GenX_cases/LDES_102023/case_runner_3_zone_no_vrestor_zeroemis/Cases/case_1/Results
Time elapsed for writing is
13.051459921
